#! /c/Source/iverilog-install/bin/vvp
:ivl_version "12.0 (devel)" "(s20150603-1539-g2693dd32b)";
:ivl_delay_selection "TYPICAL";
:vpi_time_precision + 0;
:vpi_module "C:\iverilog\lib\ivl\system.vpi";
:vpi_module "C:\iverilog\lib\ivl\vhdl_sys.vpi";
:vpi_module "C:\iverilog\lib\ivl\vhdl_textio.vpi";
:vpi_module "C:\iverilog\lib\ivl\v2005_math.vpi";
:vpi_module "C:\iverilog\lib\ivl\va_math.vpi";
:vpi_module "C:\iverilog\lib\ivl\v2009.vpi";
S_00000203177a1de0 .scope package, "$unit" "$unit" 2 1;
 .timescale 0 0;
S_00000203177c4150 .scope module, "testbench" "testbench" 3 1;
 .timescale 0 0;
S_000002031777ec30 .scope module, "tb_1" "testbench_1" 3 3, 4 1 0, S_00000203177c4150;
 .timescale 0 0;
P_00000203177a8940 .param/l "data_ptr_width" 1 4 5, +C4<00000000000000000000000000000010>;
P_00000203177a8978 .param/l "n_inputs" 1 4 4, +C4<00000000000000000000000000000100>;
P_00000203177a89b0 .param/l "width" 1 4 3, +C4<00000000000000000000000000010000>;
v00000203178c0250_0 .var "clk", 0 0;
v00000203178c1f10_0 .var "current_data", 15 0;
v00000203178c1510_0 .var/queue "data_in_queue", 16;
v00000203178c1970_0 .var/queue "data_out_queue", 16;
v00000203178c1e70_0 .var "data_ptr", 1 0;
v00000203178c0c50_0 .var "delays", 14 0;
v00000203178c0070_0 .net "down_data", 15 0, L_00000203178c79a0;  1 drivers
v00000203178c0750_0 .net "down_vld", 0 0, L_00000203178c7680;  1 drivers
v00000203178c07f0_0 .var "is_test_fail", 0 0;
v00000203178c1a10_0 .var "res", 15 0;
v00000203178c0890_0 .var "res_expected", 15 0;
v00000203178c1790_0 .var "ring_one", 3 0;
v00000203178c09d0_0 .var "rst", 0 0;
v00000203178c0e30_0 .var "running", 0 0;
v00000203178c0bb0_0 .net "up_data", 63 0, L_00000203178c77c0;  1 drivers
v00000203178c0ed0_0 .net "up_vlds", 3 0, L_00000203178c2a80;  1 drivers
E_00000203177ba5c0 .event anyedge, v00000203178c0e30_0;
E_00000203177ba840 .event anyedge, v00000203178c0e30_0, v00000203178c1e70_0;
E_00000203177b7840 .event "finish";
E_00000203177b76c0 .event "all_combination_done";
L_00000203178c3e80 .part v00000203178c1790_0, 0, 1;
L_00000203178c3200 .part v00000203178c0c50_0, 0, 2;
L_00000203178c2300 .part v00000203178c1790_0, 1, 1;
L_00000203178c3520 .part v00000203178c0c50_0, 3, 2;
L_00000203178c24e0 .part v00000203178c1790_0, 2, 1;
L_00000203178c26c0 .part v00000203178c0c50_0, 6, 2;
L_00000203178c28a0 .part v00000203178c1790_0, 3, 1;
L_00000203178c29e0 .part v00000203178c0c50_0, 9, 2;
L_00000203178c2a80 .concat8 [ 1 1 1 1], v00000203177a7ee0_0, v00000203178c01b0_0, v00000203178c1b50_0, v00000203178c1470_0;
L_00000203178c77c0 .concat8 [ 16 16 16 16], v00000203177b08c0_0, v00000203177a7da0_0, v00000203178c0390_0, v00000203178c0cf0_0;
S_000002031777edc0 .scope begin, "$ivl_for_loop3" "$ivl_for_loop3" 4 109, 4 109 0, S_000002031777ec30;
 .timescale 0 0;
v00000203177b1e00_0 .var/2s "i", 31 0;
S_0000020317766840 .scope begin, "$ivl_for_loop4" "$ivl_for_loop4" 4 215, 4 215 0, S_000002031777ec30;
 .timescale 0 0;
v00000203177b0be0_0 .var/2s "l", 31 0;
S_00000203177669d0 .scope module, "DUT" "put_in_order" 4 15, 5 1 0, S_000002031777ec30;
 .timescale 0 0;
    .port_info 0 /INPUT 1 "clk";
    .port_info 1 /INPUT 1 "rst";
    .port_info 2 /INPUT 4 "up_vlds";
    .port_info 3 /INPUT 64 "up_data";
    .port_info 4 /OUTPUT 1 "down_vld";
    .port_info 5 /OUTPUT 16 "down_data";
P_0000020317795ae0 .param/l "n_inputs" 0 5 4, +C4<00000000000000000000000000000100>;
P_0000020317795b18 .param/l "width" 0 5 3, +C4<00000000000000000000000000010000>;
v00000203177b0500_0 .net *"_ivl_0", 6 0, L_00000203178c6780;  1 drivers
L_00000203178c8068 .functor BUFT 1, C4<0000>, C4<0>, C4<0>, C4<0>;
v00000203177b1040_0 .net *"_ivl_3", 3 0, L_00000203178c8068;  1 drivers
L_00000203178c80b0 .functor BUFT 1, C4<0010000>, C4<0>, C4<0>, C4<0>;
v00000203177b15e0_0 .net/2u *"_ivl_4", 6 0, L_00000203178c80b0;  1 drivers
v00000203177b1ae0_0 .net *"_ivl_7", 6 0, L_00000203178c61e0;  1 drivers
v00000203177b1ea0_0 .net "clk", 0 0, v00000203178c0250_0;  1 drivers
v00000203177b1a40_0 .net "down_data", 15 0, L_00000203178c79a0;  alias, 1 drivers
v00000203177b1f40_0 .net "down_vld", 0 0, L_00000203178c7680;  alias, 1 drivers
v00000203177b10e0_0 .var "out_order", 2 0;
v00000203177b1540_0 .var "out_order_next", 2 0;
v00000203177b1fe0_0 .net "rst", 0 0, v00000203178c09d0_0;  1 drivers
v00000203177b1220_0 .net "up_data", 63 0, L_00000203178c77c0;  alias, 1 drivers
v00000203177b0280_0 .var "up_data_reg", 63 0;
v00000203177b0320_0 .net "up_vlds", 3 0, L_00000203178c2a80;  alias, 1 drivers
v00000203177b0780_0 .var "up_vlds_reg", 3 0;
E_00000203177b7e80 .event anyedge, v00000203177b10e0_0, v00000203177b0780_0;
E_00000203177b78c0 .event posedge, v00000203177b1ea0_0;
L_00000203178c6780 .concat [ 3 4 0 0], v00000203177b10e0_0, L_00000203178c8068;
L_00000203178c61e0 .arith/mult 7, L_00000203178c6780, L_00000203178c80b0;
L_00000203178c79a0 .part/v v00000203177b0280_0, L_00000203178c61e0, 16;
L_00000203178c7680 .part/v v00000203177b0780_0, v00000203177b10e0_0, 1;
S_0000020317764ec0 .scope begin, "$ivl_for_loop0" "$ivl_for_loop0" 5 40, 5 40 0, S_00000203177669d0;
 .timescale 0 0;
v00000203177b0f00_0 .var/2s "i", 31 0;
S_0000020317765050 .scope begin, "$ivl_for_loop1" "$ivl_for_loop1" 5 48, 5 48 0, S_00000203177669d0;
 .timescale 0 0;
v00000203177b12c0_0 .var/2s "i", 31 0;
S_000002031775ca20 .scope begin, "$ivl_for_loop2" "$ivl_for_loop2" 5 68, 5 68 0, S_00000203177669d0;
 .timescale 0 0;
v00000203177b0fa0_0 .var/2s "i", 31 0;
S_000002031775cbb0 .scope generate, "input_generator[0]" "input_generator[0]" 4 129, 4 129 0, S_000002031777ec30;
 .timescale 0 0;
P_00000203177b7880 .param/l "i" 0 4 129, +C4<00>;
S_0000020317722ce0 .scope module, "r_delay" "delay_data_model" 4 131, 6 10 0, S_000002031775cbb0;
 .timescale 0 0;
    .port_info 0 /INPUT 1 "clk";
    .port_info 1 /INPUT 1 "rst";
    .port_info 2 /INPUT 1 "vld_in";
    .port_info 3 /INPUT 2 "out_delay";
    .port_info 4 /INPUT 16 "data_in";
    .port_info 5 /OUTPUT 1 "vld_out";
    .port_info 6 /OUTPUT 16 "data_out";
P_00000203177c1a60 .param/l "delay_width" 1 6 27, +C4<00000000000000000000000000000010>;
P_00000203177c1a98 .param/l "n_inputs" 0 6 13, +C4<00000000000000000000000000000100>;
P_00000203177c1ad0 .param/l "width" 0 6 12, +C4<00000000000000000000000000010000>;
v00000203177b03c0_0 .net *"_ivl_15", 0 0, L_00000203178c3b60;  1 drivers
v00000203177b0640_0 .net *"_ivl_2", 0 0, L_00000203178c3ca0;  1 drivers
v00000203177b06e0_0 .net "clk", 0 0, v00000203178c0250_0;  alias, 1 drivers
v00000203177b1400_0 .net "data_in", 15 0, v00000203178c1f10_0;  1 drivers
v00000203177b0820_0 .var "data_lock", 15 0;
v00000203177b08c0_0 .var "data_out", 15 0;
v00000203177b0960_0 .var "delay", 1 0;
v00000203177b0a00_0 .net "out_delay", 1 0, L_00000203178c3200;  1 drivers
v00000203177a7a80_0 .var "ready", 0 0;
v00000203177a7080_0 .net "rst", 0 0, v00000203178c09d0_0;  alias, 1 drivers
v00000203177a7760_0 .net "vld_in", 0 0, L_00000203178c3e80;  1 drivers
v00000203177a7ee0_0 .var "vld_out", 0 0;
E_00000203177b7b00 .event anyedge, L_00000203178c3b60;
E_00000203177b7ac0 .event anyedge, L_00000203178c3ca0;
E_00000203177b7b40 .event "delay_done";
L_00000203178c3ca0 .reduce/nor v00000203178c09d0_0;
L_00000203178c3b60 .reduce/nor v00000203178c09d0_0;
S_0000020317722e70 .scope generate, "input_generator[1]" "input_generator[1]" 4 129, 4 129 0, S_000002031777ec30;
 .timescale 0 0;
P_00000203177b7a80 .param/l "i" 0 4 129, +C4<01>;
S_0000020317723000 .scope module, "r_delay" "delay_data_model" 4 131, 6 10 0, S_0000020317722e70;
 .timescale 0 0;
    .port_info 0 /INPUT 1 "clk";
    .port_info 1 /INPUT 1 "rst";
    .port_info 2 /INPUT 1 "vld_in";
    .port_info 3 /INPUT 2 "out_delay";
    .port_info 4 /INPUT 16 "data_in";
    .port_info 5 /OUTPUT 1 "vld_out";
    .port_info 6 /OUTPUT 16 "data_out";
P_00000203177232b0 .param/l "delay_width" 1 6 27, +C4<00000000000000000000000000000010>;
P_00000203177232e8 .param/l "n_inputs" 0 6 13, +C4<00000000000000000000000000000100>;
P_0000020317723320 .param/l "width" 0 6 12, +C4<00000000000000000000000000010000>;
v00000203177a7580_0 .net *"_ivl_15", 0 0, L_00000203178c2260;  1 drivers
v00000203177a7b20_0 .net *"_ivl_2", 0 0, L_00000203178c3c00;  1 drivers
v00000203177a7800_0 .net "clk", 0 0, v00000203178c0250_0;  alias, 1 drivers
v00000203177a7260_0 .net "data_in", 15 0, v00000203178c1f10_0;  alias, 1 drivers
v00000203177a7c60_0 .var "data_lock", 15 0;
v00000203177a7da0_0 .var "data_out", 15 0;
v00000203177a7440_0 .var "delay", 1 0;
v00000203177a7f80_0 .net "out_delay", 1 0, L_00000203178c3520;  1 drivers
v00000203177a74e0_0 .var "ready", 0 0;
v00000203178c02f0_0 .net "rst", 0 0, v00000203178c09d0_0;  alias, 1 drivers
v00000203178c04d0_0 .net "vld_in", 0 0, L_00000203178c2300;  1 drivers
v00000203178c01b0_0 .var "vld_out", 0 0;
E_00000203177b9640 .event anyedge, L_00000203178c2260;
E_0000020317781fb0 .event anyedge, L_00000203178c3c00;
E_0000020317781eb0 .event "delay_done";
L_00000203178c3c00 .reduce/nor v00000203178c09d0_0;
L_00000203178c2260 .reduce/nor v00000203178c09d0_0;
S_000002031780d2b0 .scope generate, "input_generator[2]" "input_generator[2]" 4 129, 4 129 0, S_000002031777ec30;
 .timescale 0 0;
P_0000020317782570 .param/l "i" 0 4 129, +C4<010>;
S_000002031780d440 .scope module, "r_delay" "delay_data_model" 4 131, 6 10 0, S_000002031780d2b0;
 .timescale 0 0;
    .port_info 0 /INPUT 1 "clk";
    .port_info 1 /INPUT 1 "rst";
    .port_info 2 /INPUT 1 "vld_in";
    .port_info 3 /INPUT 2 "out_delay";
    .port_info 4 /INPUT 16 "data_in";
    .port_info 5 /OUTPUT 1 "vld_out";
    .port_info 6 /OUTPUT 16 "data_out";
P_00000203177ad940 .param/l "delay_width" 1 6 27, +C4<00000000000000000000000000000010>;
P_00000203177ad978 .param/l "n_inputs" 0 6 13, +C4<00000000000000000000000000000100>;
P_00000203177ad9b0 .param/l "width" 0 6 12, +C4<00000000000000000000000000010000>;
v00000203178c0930_0 .net *"_ivl_15", 0 0, L_00000203178c2440;  1 drivers
v00000203178c0d90_0 .net *"_ivl_2", 0 0, L_00000203178c23a0;  1 drivers
v00000203178c1650_0 .net "clk", 0 0, v00000203178c0250_0;  alias, 1 drivers
v00000203178c1150_0 .net "data_in", 15 0, v00000203178c1f10_0;  alias, 1 drivers
v00000203178c10b0_0 .var "data_lock", 15 0;
v00000203178c0390_0 .var "data_out", 15 0;
v00000203178c1dd0_0 .var "delay", 1 0;
v00000203178c0430_0 .net "out_delay", 1 0, L_00000203178c26c0;  1 drivers
v00000203178c0570_0 .var "ready", 0 0;
v00000203178c1330_0 .net "rst", 0 0, v00000203178c09d0_0;  alias, 1 drivers
v00000203178c0610_0 .net "vld_in", 0 0, L_00000203178c24e0;  1 drivers
v00000203178c1b50_0 .var "vld_out", 0 0;
E_0000020317782870 .event anyedge, L_00000203178c2440;
E_0000020317781c70 .event anyedge, L_00000203178c23a0;
E_0000020317781af0 .event "delay_done";
L_00000203178c23a0 .reduce/nor v00000203178c09d0_0;
L_00000203178c2440 .reduce/nor v00000203178c09d0_0;
S_000002031780d5d0 .scope generate, "input_generator[3]" "input_generator[3]" 4 129, 4 129 0, S_000002031777ec30;
 .timescale 0 0;
P_0000020317782070 .param/l "i" 0 4 129, +C4<011>;
S_000002031780e5c0 .scope module, "r_delay" "delay_data_model" 4 131, 6 10 0, S_000002031780d5d0;
 .timescale 0 0;
    .port_info 0 /INPUT 1 "clk";
    .port_info 1 /INPUT 1 "rst";
    .port_info 2 /INPUT 1 "vld_in";
    .port_info 3 /INPUT 2 "out_delay";
    .port_info 4 /INPUT 16 "data_in";
    .port_info 5 /OUTPUT 1 "vld_out";
    .port_info 6 /OUTPUT 16 "data_out";
P_00000203177a1f70 .param/l "delay_width" 1 6 27, +C4<00000000000000000000000000000010>;
P_00000203177a1fa8 .param/l "n_inputs" 0 6 13, +C4<00000000000000000000000000000100>;
P_00000203177a1fe0 .param/l "width" 0 6 12, +C4<00000000000000000000000000010000>;
v00000203178c0110_0 .net *"_ivl_15", 0 0, L_00000203178c2800;  1 drivers
v00000203178c1d30_0 .net *"_ivl_2", 0 0, L_00000203178c2760;  1 drivers
v00000203178c1830_0 .net "clk", 0 0, v00000203178c0250_0;  alias, 1 drivers
v00000203178c16f0_0 .net "data_in", 15 0, v00000203178c1f10_0;  alias, 1 drivers
v00000203178c1bf0_0 .var "data_lock", 15 0;
v00000203178c0cf0_0 .var "data_out", 15 0;
v00000203178c0a70_0 .var "delay", 1 0;
v00000203178c1c90_0 .net "out_delay", 1 0, L_00000203178c29e0;  1 drivers
v00000203178c06b0_0 .var "ready", 0 0;
v00000203178c0b10_0 .net "rst", 0 0, v00000203178c09d0_0;  alias, 1 drivers
v00000203178c18d0_0 .net "vld_in", 0 0, L_00000203178c28a0;  1 drivers
v00000203178c1470_0 .var "vld_out", 0 0;
E_0000020317782170 .event anyedge, L_00000203178c2800;
E_0000020317782630 .event anyedge, L_00000203178c2760;
E_0000020317780f30 .event "delay_done";
L_00000203178c2760 .reduce/nor v00000203178c09d0_0;
L_00000203178c2800 .reduce/nor v00000203178c09d0_0;
S_000002031780e430 .scope task, "reset" "reset" 4 39, 4 39 0, S_000002031777ec30;
 .timescale 0 0;
TD_testbench.tb_1.reset ;
    %pushi/vec4 1, 1, 1;
    %assign/vec4 v00000203178c09d0_0, 0;
    %pushi/vec4 3, 0, 32;
T_0.0 %dup/vec4;
    %pushi/vec4 0, 0, 32;
    %cmp/s;
    %jmp/1xz T_0.1, 5;
    %jmp/1 T_0.1, 4;
    %pushi/vec4 1, 0, 32;
    %sub;
    %wait E_00000203177b78c0;
    %jmp T_0.0;
T_0.1 ;
    %pop/vec4 1;
    %pushi/vec4 1, 0, 1;
    %assign/vec4 v00000203178c09d0_0, 0;
    %pushi/vec4 3, 0, 32;
T_0.2 %dup/vec4;
    %pushi/vec4 0, 0, 32;
    %cmp/s;
    %jmp/1xz T_0.3, 5;
    %jmp/1 T_0.3, 4;
    %pushi/vec4 1, 0, 32;
    %sub;
    %wait E_00000203177b78c0;
    %jmp T_0.2;
T_0.3 ;
    %pop/vec4 1;
    %pushi/vec4 0, 0, 1;
    %assign/vec4 v00000203178c09d0_0, 0;
    %end;
S_000002031780e110 .scope module, "tb_2" "testbench_2" 3 4, 7 3 0, S_00000203177c4150;
 .timescale 0 0;
P_000002031780d940 .param/l "TIMEOUT" 1 7 219, +C4<00000000000000000010011100010000>;
P_000002031780d978 .param/l "latency_width" 1 7 103, +C4<00000000000000000000000000000100>;
P_000002031780d9b0 .param/l "max_latency" 1 7 104, C4<1010>;
P_000002031780d9e8 .param/l "max_ptr" 1 7 101, C4<1001>;
P_000002031780da20 .param/l "n_inputs" 1 7 38, +C4<00000000000000000000000000001010>;
P_000002031780da58 .param/l "ptr_width" 1 7 100, +C4<00000000000000000000000000000100>;
P_000002031780da90 .param/l "width" 1 7 38, +C4<00000000000000000000000000001000>;
v00000203178c2d00_0 .var "clk", 0 0;
v00000203178c2da0_0 .var/2u "counter", 31 0;
v00000203178c2e40_0 .var/2u "cycle", 31 0;
v00000203178c2ee0_0 .net "down_data", 7 0, L_00000203178c6320;  1 drivers
v00000203178c3d40_0 .var "down_data_expected", 7 0;
v00000203178c2080_0 .net "down_vld", 0 0, L_00000203178c72c0;  1 drivers
v00000203178c38e0_0 .var "pending", 9 0;
v00000203178c3a20_0 .var "pending_data", 79 0;
v00000203178c2620_0 .var "pending_data_for_log", 79 0;
v00000203178c3660_0 .var "pending_for_log", 9 0;
v00000203178c21c0_0 .var "pending_latency", 39 0;
v00000203178c3de0_0 .var "ptr", 3 0;
v00000203178c3ac0_0 .var/queue "queue", 8;
v00000203178c3700_0 .var "rst", 0 0;
v00000203178c3480_0 .var "up_data", 79 0;
v00000203178c2f80_0 .var "up_vlds", 9 0;
v00000203178c3020_0 .var/2u "was_reset", 0 0;
S_000002031780e2a0 .scope begin, "$ivl_for_loop8" "$ivl_for_loop8" 7 188, 7 188 0, S_000002031780e110;
 .timescale 0 0;
v00000203178c0f70_0 .var/2s "i", 31 0;
S_000002031780ddf0 .scope begin, "$ivl_for_loop9" "$ivl_for_loop9" 7 198, 7 198 0, S_000002031780e110;
 .timescale 0 0;
v00000203178c15b0_0 .var/2s "i", 31 0;
S_000002031780df80 .scope module, "i_put_in_order" "put_in_order" 7 53, 5 1 0, S_000002031780e110;
 .timescale 0 0;
    .port_info 0 /INPUT 1 "clk";
    .port_info 1 /INPUT 1 "rst";
    .port_info 2 /INPUT 10 "up_vlds";
    .port_info 3 /INPUT 80 "up_data";
    .port_info 4 /OUTPUT 1 "down_vld";
    .port_info 5 /OUTPUT 8 "down_data";
P_0000020317795be0 .param/l "n_inputs" 0 5 4, +C4<00000000000000000000000000001010>;
P_0000020317795c18 .param/l "width" 0 5 3, +C4<00000000000000000000000000001000>;
v00000203178c1290_0 .net *"_ivl_0", 7 0, L_00000203178c6e60;  1 drivers
L_00000203178c80f8 .functor BUFT 1, C4<000>, C4<0>, C4<0>, C4<0>;
v00000203178c1ab0_0 .net *"_ivl_3", 2 0, L_00000203178c80f8;  1 drivers
L_00000203178c8140 .functor BUFT 1, C4<00001000>, C4<0>, C4<0>, C4<0>;
v00000203178c30c0_0 .net/2u *"_ivl_4", 7 0, L_00000203178c8140;  1 drivers
v00000203178c35c0_0 .net *"_ivl_7", 7 0, L_00000203178c7040;  1 drivers
v00000203178c2940_0 .net "clk", 0 0, v00000203178c2d00_0;  1 drivers
v00000203178c3340_0 .net "down_data", 7 0, L_00000203178c6320;  alias, 1 drivers
v00000203178c37a0_0 .net "down_vld", 0 0, L_00000203178c72c0;  alias, 1 drivers
v00000203178c2580_0 .var "out_order", 4 0;
v00000203178c2bc0_0 .var "out_order_next", 4 0;
v00000203178c3840_0 .net "rst", 0 0, v00000203178c3700_0;  1 drivers
v00000203178c3f20_0 .net "up_data", 79 0, v00000203178c3480_0;  1 drivers
v00000203178c3160_0 .var "up_data_reg", 79 0;
v00000203178c3980_0 .net "up_vlds", 9 0, v00000203178c2f80_0;  1 drivers
v00000203178c2b20_0 .var "up_vlds_reg", 9 0;
E_0000020317781030 .event anyedge, v00000203178c2580_0, v00000203178c2b20_0;
E_00000203177811b0 .event posedge, v00000203178c2940_0;
L_00000203178c6e60 .concat [ 5 3 0 0], v00000203178c2580_0, L_00000203178c80f8;
L_00000203178c7040 .arith/mult 8, L_00000203178c6e60, L_00000203178c8140;
L_00000203178c6320 .part/v v00000203178c3160_0, L_00000203178c7040, 8;
L_00000203178c72c0 .part/v v00000203178c2b20_0, v00000203178c2580_0, 1;
S_000002031780d7b0 .scope begin, "$ivl_for_loop0" "$ivl_for_loop0" 5 40, 5 40 0, S_000002031780df80;
 .timescale 0 0;
v00000203178c1010_0 .var/2s "i", 31 0;
S_000002031780dc60 .scope begin, "$ivl_for_loop1" "$ivl_for_loop1" 5 48, 5 48 0, S_000002031780df80;
 .timescale 0 0;
v00000203178c13d0_0 .var/2s "i", 31 0;
S_000002031780dad0 .scope begin, "$ivl_for_loop2" "$ivl_for_loop2" 5 68, 5 68 0, S_000002031780df80;
 .timescale 0 0;
v00000203178c11f0_0 .var/2s "i", 31 0;
S_00000203178c4d10 .scope task, "receive" "receive" 7 60, 7 60 0, S_000002031780e110;
 .timescale 0 0;
TD_testbench.tb_2.receive ;
T_1.4 ;
    %wait E_00000203177811b0;
    %load/vec4 v00000203178c2080_0;
    %flag_set/vec4 8;
    %jmp/0xz  T_1.5, 8;
    %vpi_func 7 68 "$size" 32, v00000203178c3ac0_0 {0 0 0};
    %cmpi/e 0, 0, 32;
    %jmp/0xz  T_1.7, 4;
    %vpi_call/w 7 70 "$display", "FAIL %s", "04_13_put_in_order/testbench_2.sv" {0 0 0};
    %vpi_func 7 73 "$size" 32, v00000203178c3ac0_0 {0 0 0};
    %vpi_func/s 7 73 "$sformatf", "queue.size ():%0d", S<0,vec4,s32> {1 0 0};
    %vpi_call/w 7 72 "$display", "++ TEST     => {%s}", S<0,str> {0 0 1};
    %vpi_call/w 7 75 "$finish", 32'sb00000000000000000000000000000001 {0 0 0};
    %jmp T_1.8;
T_1.7 ;
    %qpop/f/v v00000203178c3ac0_0, 8;
    %store/vec4 v00000203178c3d40_0, 0, 8;
    %load/vec4 v00000203178c2ee0_0;
    %load/vec4 v00000203178c3d40_0;
    %cmp/ne;
    %jmp/0xz  T_1.9, 6;
    %vpi_call/w 7 83 "$display", "FAIL %s", "04_13_put_in_order/testbench_2.sv" {0 0 0};
    %vpi_func/s 7 86 "$sformatf", "down_data:%h", v00000203178c2ee0_0 {0 0 0};
    %vpi_func/s 7 86 "$sformatf", "down_data_expected:%h", v00000203178c3d40_0 {0 0 0};
    %vpi_call/w 7 85 "$display", "++ TEST     => {%s, %s}", S<1,str>, S<0,str> {0 0 2};
    %vpi_call/w 7 88 "$finish", 32'sb00000000000000000000000000000001 {0 0 0};
T_1.9 ;
T_1.8 ;
T_1.5 ;
    %jmp T_1.4;
    %end;
S_00000203178c5b20 .scope task, "run" "run" 7 221, 7 221 0, S_000002031780e110;
 .timescale 0 0;
E_00000203177820f0 .event negedge, v00000203178c3840_0;
TD_testbench.tb_2.run ;
    %wait E_00000203177820f0;
    %fork t_1, S_00000203178c5b20;
    %fork t_2, S_00000203178c5b20;
    %fork t_3, S_00000203178c5b20;
    %join;
    %join/detach 2;
    %jmp t_0;
t_1 ;
    %pushi/vec4 1000, 0, 32;
    %store/vec4 v00000203178c2120_0, 0, 32;
    %fork TD_testbench.tb_2.send, S_00000203178c5cb0;
    %join;
    %end;
t_2 ;
    %fork TD_testbench.tb_2.receive, S_00000203178c4d10;
    %join;
    %end;
t_3 ;
    %pushi/vec4 10000, 0, 32;
T_2.11 %dup/vec4;
    %pushi/vec4 0, 0, 32;
    %cmp/s;
    %jmp/1xz T_2.12, 5;
    %jmp/1 T_2.12, 4;
    %pushi/vec4 1, 0, 32;
    %sub;
    %wait E_00000203177811b0;
    %jmp T_2.11;
T_2.12 ;
    %pop/vec4 1;
    %vpi_call/w 7 238 "$display", "FAIL: timeout!" {0 0 0};
    %vpi_call/w 7 239 "$finish", 32'sb00000000000000000000000000000001 {0 0 0};
    %end;
    .scope S_00000203178c5b20;
t_0 ;
    %vpi_call/w 7 243 "$display", "\012PASS %s", "04_13_put_in_order/testbench_2.sv" {0 0 0};
    %end;
S_00000203178c5cb0 .scope task, "send" "send" 7 115, 7 115 0, S_000002031780e110;
 .timescale 0 0;
v00000203178c2120_0 .var/2s "n_reps", 31 0;
TD_testbench.tb_2.send ;
    %pushi/vec4 0, 0, 4;
    %store/vec4 v00000203178c3de0_0, 0, 4;
    %pushi/vec4 0, 0, 10;
    %store/vec4 v00000203178c38e0_0, 0, 10;
    %fork t_5, S_00000203178c4ea0;
    %jmp t_4;
    .scope S_00000203178c4ea0;
t_5 ;
    %pushi/vec4 0, 0, 32;
    %store/vec4 v00000203178c2c60_0, 0, 32;
T_3.13 ;
    %load/vec4 v00000203178c2c60_0;
    %load/vec4 v00000203178c2120_0;
    %cmp/s;
    %jmp/1 T_3.15, 5;
    %flag_mov 8, 5;
    %load/vec4 v00000203178c38e0_0;
    %cmpi/ne 0, 0, 10;
    %flag_or 4, 8;
    %flag_mov 5, 4;
T_3.15;
    %jmp/0xz T_3.14, 5;
    %fork t_7, S_00000203178c4220;
    %jmp t_6;
    .scope S_00000203178c4220;
t_7 ;
    %pushi/vec4 0, 0, 32;
    %store/vec4 v00000203178c32a0_0, 0, 32;
T_3.16 ;
    %load/vec4 v00000203178c32a0_0;
    %cmpi/s 10, 0, 32;
    %jmp/0xz T_3.17, 5;
    %load/vec4 v00000203178c21c0_0;
    %load/vec4 v00000203178c32a0_0;
    %pad/s 34;
    %muli 4, 0, 34;
    %part/s 4;
    %pad/u 32;
    %cmpi/u 0, 0, 32;
    %flag_or 5, 4; GT is !LE
    %flag_inv 5;
    %jmp/0xz  T_3.18, 5;
    ; show_stmt_assign_vector: Get l-value for compressed -= operand
    %load/vec4 v00000203178c21c0_0;
    %load/vec4 v00000203178c32a0_0;
    %pad/s 34;
    %muli 4, 0, 34;
    %dup/vec4;
    %ix/vec4 4;
    %flag_mov 8, 4;
    %part/u 4;
    %pushi/vec4 1, 0, 4;
    %sub;
    %flag_mov 4, 8;
    %store/vec4 v00000203178c21c0_0, 4, 4;
T_3.18 ;
    ; show_stmt_assign_vector: Get l-value for compressed += operand
    %load/vec4 v00000203178c32a0_0;
    %pushi/vec4 1, 0, 32;
    %add;
    %cast2;
    %store/vec4 v00000203178c32a0_0, 0, 32;
    %jmp T_3.16;
T_3.17 ;
    %end;
    .scope S_00000203178c4ea0;
t_6 %join;
    %vpi_func 7 128 "$urandom_range" 32, 32'sb00000000000000000000000000000000, 32'sb00000000000000000000000001100100 {0 0 0};
    %cmpi/u 80, 0, 32;
    %jmp/0xz  T_3.20, 5;
    %load/vec4 v00000203178c38e0_0;
    %load/vec4 v00000203178c3de0_0;
    %part/u 1;
    %inv;
    %flag_set/vec4 8;
    %jmp/0xz  T_3.22, 8;
    %jmp T_3.23;
T_3.22 ;
    %vpi_call/w 7 130 "$error" {0 0 0};
T_3.23 ;
    %pushi/vec4 1, 0, 1;
    %ix/getv 4, v00000203178c3de0_0;
    %store/vec4 v00000203178c38e0_0, 4, 1;
    %load/vec4 v00000203178c2da0_0;
    %cmpi/u 30, 0, 32;
    %jmp/0xz  T_3.24, 5;
    %load/vec4 v00000203178c2da0_0;
    %dup/vec4;
    %pushi/vec4 1, 0, 32;
    %add;
    %store/vec4 v00000203178c2da0_0, 0, 32;
    %pad/u 8;
    %load/vec4 v00000203178c3de0_0;
    %pad/u 7;
    %muli 8, 0, 7;
    %ix/vec4 4;
    %store/vec4 v00000203178c3a20_0, 4, 8;
    %jmp T_3.25;
T_3.24 ;
    %vpi_func 7 137 "$urandom" 32 {0 0 0};
    %pad/u 8;
    %load/vec4 v00000203178c3de0_0;
    %pad/u 7;
    %muli 8, 0, 7;
    %ix/vec4 4;
    %store/vec4 v00000203178c3a20_0, 4, 8;
T_3.25 ;
    %vpi_func 7 139 "$urandom_range" 32, 32'sb00000000000000000000000000000000, 32'b00000000000000000000000000001001 {0 0 0};
    %pad/u 4;
    %load/vec4 v00000203178c3de0_0;
    %pad/u 6;
    %muli 4, 0, 6;
    %ix/vec4 4;
    %store/vec4 v00000203178c21c0_0, 4, 4;
    %ix/load 4, 0, 0;
    %load/vec4 v00000203178c3a20_0;
    %load/vec4 v00000203178c3de0_0;
    %pad/u 7;
    %muli 8, 0, 7;
    %part/u 8;
    %store/qb/v v00000203178c3ac0_0, 4, 8;
    %load/vec4 v00000203178c3de0_0;
    %cmpi/e 9, 0, 4;
    %jmp/0xz  T_3.26, 4;
    %pushi/vec4 0, 0, 4;
    %store/vec4 v00000203178c3de0_0, 0, 4;
    %jmp T_3.27;
T_3.26 ;
    ; show_stmt_assign_vector: Get l-value for compressed += operand
    %load/vec4 v00000203178c3de0_0;
    %pushi/vec4 1, 0, 4;
    %add;
    %store/vec4 v00000203178c3de0_0, 0, 4;
T_3.27 ;
T_3.20 ;
    %pushi/vec4 0, 0, 10;
    %assign/vec4 v00000203178c2f80_0, 0;
    %pushi/vec4 4294967295, 4294967295, 32;
    %concati/vec4 4294967295, 4294967295, 32;
    %concati/vec4 65535, 65535, 16;
    %assign/vec4 v00000203178c3480_0, 0;
    %fork t_9, S_00000203178c46d0;
    %jmp t_8;
    .scope S_00000203178c46d0;
t_9 ;
    %pushi/vec4 0, 0, 32;
    %store/vec4 v00000203178c33e0_0, 0, 32;
T_3.28 ;
    %load/vec4 v00000203178c33e0_0;
    %cmpi/s 10, 0, 32;
    %jmp/0xz T_3.29, 5;
    %load/vec4 v00000203178c38e0_0;
    %load/vec4 v00000203178c33e0_0;
    %part/s 1;
    %flag_set/vec4 9;
    %flag_get/vec4 9;
    %jmp/0 T_3.32, 9;
    %load/vec4 v00000203178c21c0_0;
    %load/vec4 v00000203178c33e0_0;
    %pad/s 34;
    %muli 4, 0, 34;
    %part/s 4;
    %pad/u 32;
    %pushi/vec4 0, 0, 32;
    %cmp/e;
    %flag_get/vec4 4;
    %and;
T_3.32;
    %flag_set/vec4 8;
    %jmp/0xz  T_3.30, 8;
    %pushi/vec4 0, 0, 1;
    %ix/getv/s 4, v00000203178c33e0_0;
    %store/vec4 v00000203178c38e0_0, 4, 1;
    %pushi/vec4 1, 0, 1;
    %ix/load 5, 0, 0;
    %ix/getv/s 4, v00000203178c33e0_0;
    %assign/vec4/off/d v00000203178c2f80_0, 4, 5;
    %load/vec4 v00000203178c3a20_0;
    %load/vec4 v00000203178c33e0_0;
    %pad/s 35;
    %muli 8, 0, 35;
    %part/s 8;
    %ix/load 5, 0, 0;
    %load/vec4 v00000203178c33e0_0;
    %pad/s 35;
    %muli 8, 0, 35;
    %ix/vec4/s 4;
    %assign/vec4/off/d v00000203178c3480_0, 4, 5;
T_3.30 ;
    ; show_stmt_assign_vector: Get l-value for compressed += operand
    %load/vec4 v00000203178c33e0_0;
    %pushi/vec4 1, 0, 32;
    %add;
    %cast2;
    %store/vec4 v00000203178c33e0_0, 0, 32;
    %jmp T_3.28;
T_3.29 ;
    %end;
    .scope S_00000203178c4ea0;
t_8 %join;
    %load/vec4 v00000203178c38e0_0;
    %assign/vec4 v00000203178c3660_0, 0;
    %load/vec4 v00000203178c3a20_0;
    %assign/vec4 v00000203178c2620_0, 0;
    %wait E_00000203177811b0;
    ; show_stmt_assign_vector: Get l-value for compressed += operand
    %load/vec4 v00000203178c2c60_0;
    %pushi/vec4 1, 0, 32;
    %add;
    %cast2;
    %store/vec4 v00000203178c2c60_0, 0, 32;
    %jmp T_3.13;
T_3.14 ;
    %end;
    .scope S_00000203178c5cb0;
t_4 %join;
    %pushi/vec4 0, 0, 10;
    %assign/vec4 v00000203178c2f80_0, 0;
    %pushi/vec4 4294967295, 4294967295, 32;
    %concati/vec4 4294967295, 4294967295, 32;
    %concati/vec4 65535, 65535, 16;
    %assign/vec4 v00000203178c3480_0, 0;
    %pushi/vec4 10, 0, 32;
T_3.33 %dup/vec4;
    %pushi/vec4 0, 0, 32;
    %cmp/s;
    %jmp/1xz T_3.34, 5;
    %jmp/1 T_3.34, 4;
    %pushi/vec4 1, 0, 32;
    %sub;
    %wait E_00000203177811b0;
    %jmp T_3.33;
T_3.34 ;
    %pop/vec4 1;
    %end;
S_00000203178c4ea0 .scope begin, "$ivl_for_loop5" "$ivl_for_loop5" 7 120, 7 120 0, S_00000203178c5cb0;
 .timescale 0 0;
v00000203178c2c60_0 .var/2s "rep", 31 0;
S_00000203178c4220 .scope begin, "$ivl_for_loop6" "$ivl_for_loop6" 7 122, 7 122 0, S_00000203178c4ea0;
 .timescale 0 0;
v00000203178c32a0_0 .var/2s "i", 31 0;
S_00000203178c46d0 .scope begin, "$ivl_for_loop7" "$ivl_for_loop7" 7 151, 7 151 0, S_00000203178c4ea0;
 .timescale 0 0;
v00000203178c33e0_0 .var/2s "i", 31 0;
    .scope S_0000020317722ce0;
T_4 ;
    %pushi/vec4 0, 0, 16;
    %assign/vec4 v00000203177b0820_0, 0;
    %pushi/vec4 0, 0, 2;
    %assign/vec4 v00000203177b0960_0, 0;
    %pushi/vec4 1, 0, 1;
    %assign/vec4 v00000203177a7a80_0, 0;
    %wait E_00000203177b7ac0;
T_4.0 ;
T_4.1 ;
    %load/vec4 v00000203177a7760_0;
    %inv;
    %flag_set/vec4 8;
    %jmp/0xz T_4.2, 8;
    %wait E_00000203177b78c0;
    %jmp T_4.1;
T_4.2 ;
    %pushi/vec4 0, 0, 1;
    %assign/vec4 v00000203177a7a80_0, 0;
    %load/vec4 v00000203177b1400_0;
    %assign/vec4 v00000203177b0820_0, 0;
    %load/vec4 v00000203177b0a00_0;
    %assign/vec4 v00000203177b0960_0, 0;
    %load/vec4 v00000203177b0960_0;
    %pad/u 32;
T_4.3 %dup/vec4;
    %pushi/vec4 0, 0, 32;
    %cmp/u;
    %jmp/1 T_4.4, 4;
    %pushi/vec4 1, 0, 32;
    %sub;
    %wait E_00000203177b78c0;
    %jmp T_4.3;
T_4.4 ;
    %pop/vec4 1;
    %pushi/vec4 1, 0, 1;
    %assign/vec4 v00000203177a7a80_0, 0;
    %wait E_00000203177b78c0;
    %event E_00000203177b7b40;
    %jmp T_4.0;
    %end;
    .thread T_4;
    .scope S_0000020317722ce0;
T_5 ;
    %pushi/vec4 0, 0, 1;
    %assign/vec4 v00000203177a7ee0_0, 0;
    %pushi/vec4 0, 0, 16;
    %assign/vec4 v00000203177b08c0_0, 0;
    %wait E_00000203177b7b00;
T_5.0 ;
    %wait E_00000203177b7b40;
    %pushi/vec4 1, 0, 1;
    %assign/vec4 v00000203177a7ee0_0, 0;
    %load/vec4 v00000203177b0820_0;
    %assign/vec4 v00000203177b08c0_0, 0;
    %wait E_00000203177b78c0;
    %pushi/vec4 0, 0, 1;
    %assign/vec4 v00000203177a7ee0_0, 0;
    %jmp T_5.0;
    %end;
    .thread T_5;
    .scope S_0000020317722ce0;
T_6 ;
T_6.0 ;
    %wait E_00000203177b78c0;
    %load/vec4 v00000203177a7760_0;
    %flag_set/vec4 9;
    %flag_get/vec4 9;
    %jmp/0 T_6.3, 9;
    %load/vec4 v00000203177a7a80_0;
    %nor/r;
    %and;
T_6.3;
    %flag_set/vec4 8;
    %jmp/0xz  T_6.1, 8;
    %vpi_call/w 6 79 "$warning", "Repeated vld_in when block in process. Current vld_in will be ignored. Time: ", $realtime {0 0 0};
T_6.1 ;
    %jmp T_6.0;
    %end;
    .thread T_6;
    .scope S_0000020317723000;
T_7 ;
    %pushi/vec4 0, 0, 16;
    %assign/vec4 v00000203177a7c60_0, 0;
    %pushi/vec4 0, 0, 2;
    %assign/vec4 v00000203177a7440_0, 0;
    %pushi/vec4 1, 0, 1;
    %assign/vec4 v00000203177a74e0_0, 0;
    %wait E_0000020317781fb0;
T_7.0 ;
T_7.1 ;
    %load/vec4 v00000203178c04d0_0;
    %inv;
    %flag_set/vec4 8;
    %jmp/0xz T_7.2, 8;
    %wait E_00000203177b78c0;
    %jmp T_7.1;
T_7.2 ;
    %pushi/vec4 0, 0, 1;
    %assign/vec4 v00000203177a74e0_0, 0;
    %load/vec4 v00000203177a7260_0;
    %assign/vec4 v00000203177a7c60_0, 0;
    %load/vec4 v00000203177a7f80_0;
    %assign/vec4 v00000203177a7440_0, 0;
    %load/vec4 v00000203177a7440_0;
    %pad/u 32;
T_7.3 %dup/vec4;
    %pushi/vec4 0, 0, 32;
    %cmp/u;
    %jmp/1 T_7.4, 4;
    %pushi/vec4 1, 0, 32;
    %sub;
    %wait E_00000203177b78c0;
    %jmp T_7.3;
T_7.4 ;
    %pop/vec4 1;
    %pushi/vec4 1, 0, 1;
    %assign/vec4 v00000203177a74e0_0, 0;
    %wait E_00000203177b78c0;
    %event E_0000020317781eb0;
    %jmp T_7.0;
    %end;
    .thread T_7;
    .scope S_0000020317723000;
T_8 ;
    %pushi/vec4 0, 0, 1;
    %assign/vec4 v00000203178c01b0_0, 0;
    %pushi/vec4 0, 0, 16;
    %assign/vec4 v00000203177a7da0_0, 0;
    %wait E_00000203177b9640;
T_8.0 ;
    %wait E_0000020317781eb0;
    %pushi/vec4 1, 0, 1;
    %assign/vec4 v00000203178c01b0_0, 0;
    %load/vec4 v00000203177a7c60_0;
    %assign/vec4 v00000203177a7da0_0, 0;
    %wait E_00000203177b78c0;
    %pushi/vec4 0, 0, 1;
    %assign/vec4 v00000203178c01b0_0, 0;
    %jmp T_8.0;
    %end;
    .thread T_8;
    .scope S_0000020317723000;
T_9 ;
T_9.0 ;
    %wait E_00000203177b78c0;
    %load/vec4 v00000203178c04d0_0;
    %flag_set/vec4 9;
    %flag_get/vec4 9;
    %jmp/0 T_9.3, 9;
    %load/vec4 v00000203177a74e0_0;
    %nor/r;
    %and;
T_9.3;
    %flag_set/vec4 8;
    %jmp/0xz  T_9.1, 8;
    %vpi_call/w 6 79 "$warning", "Repeated vld_in when block in process. Current vld_in will be ignored. Time: ", $realtime {0 0 0};
T_9.1 ;
    %jmp T_9.0;
    %end;
    .thread T_9;
    .scope S_000002031780d440;
T_10 ;
    %pushi/vec4 0, 0, 16;
    %assign/vec4 v00000203178c10b0_0, 0;
    %pushi/vec4 0, 0, 2;
    %assign/vec4 v00000203178c1dd0_0, 0;
    %pushi/vec4 1, 0, 1;
    %assign/vec4 v00000203178c0570_0, 0;
    %wait E_0000020317781c70;
T_10.0 ;
T_10.1 ;
    %load/vec4 v00000203178c0610_0;
    %inv;
    %flag_set/vec4 8;
    %jmp/0xz T_10.2, 8;
    %wait E_00000203177b78c0;
    %jmp T_10.1;
T_10.2 ;
    %pushi/vec4 0, 0, 1;
    %assign/vec4 v00000203178c0570_0, 0;
    %load/vec4 v00000203178c1150_0;
    %assign/vec4 v00000203178c10b0_0, 0;
    %load/vec4 v00000203178c0430_0;
    %assign/vec4 v00000203178c1dd0_0, 0;
    %load/vec4 v00000203178c1dd0_0;
    %pad/u 32;
T_10.3 %dup/vec4;
    %pushi/vec4 0, 0, 32;
    %cmp/u;
    %jmp/1 T_10.4, 4;
    %pushi/vec4 1, 0, 32;
    %sub;
    %wait E_00000203177b78c0;
    %jmp T_10.3;
T_10.4 ;
    %pop/vec4 1;
    %pushi/vec4 1, 0, 1;
    %assign/vec4 v00000203178c0570_0, 0;
    %wait E_00000203177b78c0;
    %event E_0000020317781af0;
    %jmp T_10.0;
    %end;
    .thread T_10;
    .scope S_000002031780d440;
T_11 ;
    %pushi/vec4 0, 0, 1;
    %assign/vec4 v00000203178c1b50_0, 0;
    %pushi/vec4 0, 0, 16;
    %assign/vec4 v00000203178c0390_0, 0;
    %wait E_0000020317782870;
T_11.0 ;
    %wait E_0000020317781af0;
    %pushi/vec4 1, 0, 1;
    %assign/vec4 v00000203178c1b50_0, 0;
    %load/vec4 v00000203178c10b0_0;
    %assign/vec4 v00000203178c0390_0, 0;
    %wait E_00000203177b78c0;
    %pushi/vec4 0, 0, 1;
    %assign/vec4 v00000203178c1b50_0, 0;
    %jmp T_11.0;
    %end;
    .thread T_11;
    .scope S_000002031780d440;
T_12 ;
T_12.0 ;
    %wait E_00000203177b78c0;
    %load/vec4 v00000203178c0610_0;
    %flag_set/vec4 9;
    %flag_get/vec4 9;
    %jmp/0 T_12.3, 9;
    %load/vec4 v00000203178c0570_0;
    %nor/r;
    %and;
T_12.3;
    %flag_set/vec4 8;
    %jmp/0xz  T_12.1, 8;
    %vpi_call/w 6 79 "$warning", "Repeated vld_in when block in process. Current vld_in will be ignored. Time: ", $realtime {0 0 0};
T_12.1 ;
    %jmp T_12.0;
    %end;
    .thread T_12;
    .scope S_000002031780e5c0;
T_13 ;
    %pushi/vec4 0, 0, 16;
    %assign/vec4 v00000203178c1bf0_0, 0;
    %pushi/vec4 0, 0, 2;
    %assign/vec4 v00000203178c0a70_0, 0;
    %pushi/vec4 1, 0, 1;
    %assign/vec4 v00000203178c06b0_0, 0;
    %wait E_0000020317782630;
T_13.0 ;
T_13.1 ;
    %load/vec4 v00000203178c18d0_0;
    %inv;
    %flag_set/vec4 8;
    %jmp/0xz T_13.2, 8;
    %wait E_00000203177b78c0;
    %jmp T_13.1;
T_13.2 ;
    %pushi/vec4 0, 0, 1;
    %assign/vec4 v00000203178c06b0_0, 0;
    %load/vec4 v00000203178c16f0_0;
    %assign/vec4 v00000203178c1bf0_0, 0;
    %load/vec4 v00000203178c1c90_0;
    %assign/vec4 v00000203178c0a70_0, 0;
    %load/vec4 v00000203178c0a70_0;
    %pad/u 32;
T_13.3 %dup/vec4;
    %pushi/vec4 0, 0, 32;
    %cmp/u;
    %jmp/1 T_13.4, 4;
    %pushi/vec4 1, 0, 32;
    %sub;
    %wait E_00000203177b78c0;
    %jmp T_13.3;
T_13.4 ;
    %pop/vec4 1;
    %pushi/vec4 1, 0, 1;
    %assign/vec4 v00000203178c06b0_0, 0;
    %wait E_00000203177b78c0;
    %event E_0000020317780f30;
    %jmp T_13.0;
    %end;
    .thread T_13;
    .scope S_000002031780e5c0;
T_14 ;
    %pushi/vec4 0, 0, 1;
    %assign/vec4 v00000203178c1470_0, 0;
    %pushi/vec4 0, 0, 16;
    %assign/vec4 v00000203178c0cf0_0, 0;
    %wait E_0000020317782170;
T_14.0 ;
    %wait E_0000020317780f30;
    %pushi/vec4 1, 0, 1;
    %assign/vec4 v00000203178c1470_0, 0;
    %load/vec4 v00000203178c1bf0_0;
    %assign/vec4 v00000203178c0cf0_0, 0;
    %wait E_00000203177b78c0;
    %pushi/vec4 0, 0, 1;
    %assign/vec4 v00000203178c1470_0, 0;
    %jmp T_14.0;
    %end;
    .thread T_14;
    .scope S_000002031780e5c0;
T_15 ;
T_15.0 ;
    %wait E_00000203177b78c0;
    %load/vec4 v00000203178c18d0_0;
    %flag_set/vec4 9;
    %flag_get/vec4 9;
    %jmp/0 T_15.3, 9;
    %load/vec4 v00000203178c06b0_0;
    %nor/r;
    %and;
T_15.3;
    %flag_set/vec4 8;
    %jmp/0xz  T_15.1, 8;
    %vpi_call/w 6 79 "$warning", "Repeated vld_in when block in process. Current vld_in will be ignored. Time: ", $realtime {0 0 0};
T_15.1 ;
    %jmp T_15.0;
    %end;
    .thread T_15;
    .scope S_00000203177669d0;
T_16 ;
    %wait E_00000203177b78c0;
    %load/vec4 v00000203177b1fe0_0;
    %flag_set/vec4 8;
    %jmp/0xz  T_16.0, 8;
    %pushi/vec4 0, 0, 4;
    %assign/vec4 v00000203177b0780_0, 0;
    %jmp T_16.1;
T_16.0 ;
    %fork t_11, S_0000020317764ec0;
    %jmp t_10;
    .scope S_0000020317764ec0;
t_11 ;
    %pushi/vec4 0, 0, 32;
    %store/vec4 v00000203177b0f00_0, 0, 32;
T_16.2 ;
    %load/vec4 v00000203177b0f00_0;
    %cmpi/s 4, 0, 32;
    %jmp/0xz T_16.3, 5;
    %load/vec4 v00000203177b1540_0;
    %pad/u 32;
    %load/vec4 v00000203177b0f00_0;
    %addi 1, 0, 32;
    %cmp/e;
    %flag_get/vec4 4;
    %load/vec4 v00000203177b0320_0;
    %load/vec4 v00000203177b0f00_0;
    %part/s 1;
    %nor/r;
    %and;
    %flag_set/vec4 8;
    %jmp/0xz  T_16.4, 8;
    %pushi/vec4 0, 0, 1;
    %ix/load 5, 0, 0;
    %ix/getv/s 4, v00000203177b0f00_0;
    %assign/vec4/off/d v00000203177b0780_0, 4, 5;
    %jmp T_16.5;
T_16.4 ;
    %load/vec4 v00000203177b0320_0;
    %load/vec4 v00000203177b0f00_0;
    %part/s 1;
    %flag_set/vec4 8;
    %jmp/0xz  T_16.6, 8;
    %pushi/vec4 1, 0, 1;
    %ix/load 5, 0, 0;
    %ix/getv/s 4, v00000203177b0f00_0;
    %assign/vec4/off/d v00000203177b0780_0, 4, 5;
T_16.6 ;
T_16.5 ;
    ; show_stmt_assign_vector: Get l-value for compressed += operand
    %load/vec4 v00000203177b0f00_0;
    %pushi/vec4 1, 0, 32;
    %add;
    %cast2;
    %store/vec4 v00000203177b0f00_0, 0, 32;
    %jmp T_16.2;
T_16.3 ;
    %end;
    .scope S_00000203177669d0;
t_10 %join;
T_16.1 ;
    %jmp T_16;
    .thread T_16;
    .scope S_00000203177669d0;
T_17 ;
    %wait E_00000203177b78c0;
    %fork t_13, S_0000020317765050;
    %jmp t_12;
    .scope S_0000020317765050;
t_13 ;
    %pushi/vec4 0, 0, 32;
    %store/vec4 v00000203177b12c0_0, 0, 32;
T_17.0 ;
    %load/vec4 v00000203177b12c0_0;
    %cmpi/s 4, 0, 32;
    %jmp/0xz T_17.1, 5;
    %load/vec4 v00000203177b0320_0;
    %load/vec4 v00000203177b12c0_0;
    %part/s 1;
    %flag_set/vec4 8;
    %jmp/0xz  T_17.2, 8;
    %load/vec4 v00000203177b1220_0;
    %load/vec4 v00000203177b12c0_0;
    %pad/s 36;
    %muli 16, 0, 36;
    %part/s 16;
    %ix/load 5, 0, 0;
    %load/vec4 v00000203177b12c0_0;
    %pad/s 36;
    %muli 16, 0, 36;
    %ix/vec4/s 4;
    %assign/vec4/off/d v00000203177b0280_0, 4, 5;
T_17.2 ;
    ; show_stmt_assign_vector: Get l-value for compressed += operand
    %load/vec4 v00000203177b12c0_0;
    %pushi/vec4 1, 0, 32;
    %add;
    %cast2;
    %store/vec4 v00000203177b12c0_0, 0, 32;
    %jmp T_17.0;
T_17.1 ;
    %end;
    .scope S_00000203177669d0;
t_12 %join;
    %jmp T_17;
    .thread T_17;
    .scope S_00000203177669d0;
T_18 ;
    %wait E_00000203177b78c0;
    %load/vec4 v00000203177b1fe0_0;
    %flag_set/vec4 8;
    %jmp/0xz  T_18.0, 8;
    %pushi/vec4 0, 0, 3;
    %assign/vec4 v00000203177b10e0_0, 0;
    %jmp T_18.1;
T_18.0 ;
    %load/vec4 v00000203177b1540_0;
    %pad/u 32;
    %cmpi/e 4, 0, 32;
    %jmp/0xz  T_18.2, 4;
    %pushi/vec4 0, 0, 3;
    %assign/vec4 v00000203177b10e0_0, 0;
    %jmp T_18.3;
T_18.2 ;
    %load/vec4 v00000203177b1540_0;
    %assign/vec4 v00000203177b10e0_0, 0;
T_18.3 ;
T_18.1 ;
    %jmp T_18;
    .thread T_18;
    .scope S_00000203177669d0;
T_19 ;
Ewait_0 .event/or E_00000203177b7e80, E_0x0;
    %wait Ewait_0;
    %load/vec4 v00000203177b10e0_0;
    %store/vec4 v00000203177b1540_0, 0, 3;
    %fork t_15, S_000002031775ca20;
    %jmp t_14;
    .scope S_000002031775ca20;
t_15 ;
    %pushi/vec4 0, 0, 32;
    %store/vec4 v00000203177b0fa0_0, 0, 32;
T_19.0 ;
    %load/vec4 v00000203177b0fa0_0;
    %cmpi/s 4, 0, 32;
    %jmp/0xz T_19.1, 5;
    %load/vec4 v00000203177b10e0_0;
    %pad/u 32;
    %load/vec4 v00000203177b0fa0_0;
    %cmp/e;
    %flag_get/vec4 4;
    %load/vec4 v00000203177b0780_0;
    %load/vec4 v00000203177b0fa0_0;
    %part/s 1;
    %and;
    %flag_set/vec4 8;
    %jmp/0xz  T_19.2, 8;
    %load/vec4 v00000203177b10e0_0;
    %addi 1, 0, 3;
    %store/vec4 v00000203177b1540_0, 0, 3;
T_19.2 ;
    ; show_stmt_assign_vector: Get l-value for compressed += operand
    %load/vec4 v00000203177b0fa0_0;
    %pushi/vec4 1, 0, 32;
    %add;
    %cast2;
    %store/vec4 v00000203177b0fa0_0, 0, 32;
    %jmp T_19.0;
T_19.1 ;
    %end;
    .scope S_00000203177669d0;
t_14 %join;
    %jmp T_19;
    .thread T_19, $push;
    .scope S_000002031777ec30;
T_20 ;
    %pushi/vec4 1, 0, 1;
    %store/vec4 v00000203178c0250_0, 0, 1;
T_20.0 ;
    %delay 5, 0;
    %load/vec4 v00000203178c0250_0;
    %inv;
    %store/vec4 v00000203178c0250_0, 0, 1;
    %jmp T_20.0;
    %end;
    .thread T_20;
    .scope S_000002031777ec30;
T_21 ;
    %pushi/vec4 0, 0, 2;
    %assign/vec4 v00000203178c1e70_0, 0;
T_21.0 ;
    %load/vec4 v00000203178c0e30_0;
    %cmpi/ne 1, 0, 1;
    %jmp/0xz T_21.1, 6;
    %wait E_00000203177ba5c0;
    %jmp T_21.0;
T_21.1 ;
    %wait E_00000203177b78c0;
T_21.2 ;
    %load/vec4 v00000203178c1e70_0;
    %addi 1, 0, 2;
    %assign/vec4 v00000203178c1e70_0, 0;
    %load/vec4 v00000203178c1e70_0;
    %cmpi/u 3, 0, 2;
    %flag_inv 5; GE is !LT
    %jmp/0xz  T_21.3, 5;
    %pushi/vec4 0, 0, 2;
    %assign/vec4 v00000203178c1e70_0, 0;
T_21.3 ;
    %wait E_00000203177b78c0;
    %jmp T_21.2;
    %end;
    .thread T_21;
    .scope S_000002031777ec30;
T_22 ;
Ewait_1 .event/or E_00000203177ba840, E_0x0;
    %wait Ewait_1;
    %pushi/vec4 0, 0, 4;
    %store/vec4 v00000203178c1790_0, 0, 4;
    %load/vec4 v00000203178c0e30_0;
    %flag_set/vec4 8;
    %jmp/0xz  T_22.0, 8;
    %pushi/vec4 0, 0, 4;
    %store/vec4 v00000203178c1790_0, 0, 4;
    %pushi/vec4 1, 0, 1;
    %ix/getv 4, v00000203178c1e70_0;
    %store/vec4 v00000203178c1790_0, 4, 1;
T_22.0 ;
    %jmp T_22;
    .thread T_22, $push;
    .scope S_000002031777ec30;
T_23 ;
    %wait E_00000203177b78c0;
    %load/vec4 v00000203178c09d0_0;
    %flag_set/vec4 8;
    %jmp/0xz  T_23.0, 8;
    %pushi/vec4 0, 0, 16;
    %assign/vec4 v00000203178c1f10_0, 0;
    %jmp T_23.1;
T_23.0 ;
    %load/vec4 v00000203178c0e30_0;
    %flag_set/vec4 8;
    %jmp/0xz  T_23.2, 8;
    %load/vec4 v00000203178c1f10_0;
    %addi 1, 0, 16;
    %assign/vec4 v00000203178c1f10_0, 0;
T_23.2 ;
T_23.1 ;
    %jmp T_23;
    .thread T_23;
    .scope S_000002031777ec30;
T_24 ;
    %pushi/vec4 0, 0, 15;
    %store/vec4 v00000203178c0c50_0, 0, 15;
T_24.0 ;
    %load/vec4 v00000203178c0e30_0;
    %cmpi/ne 1, 0, 1;
    %jmp/0xz T_24.1, 6;
    %wait E_00000203177ba5c0;
    %jmp T_24.0;
T_24.1 ;
    %wait E_00000203177b78c0;
T_24.2 ;
    %pushi/vec4 4, 0, 32;
T_24.3 %dup/vec4;
    %pushi/vec4 0, 0, 32;
    %cmp/s;
    %jmp/1xz T_24.4, 5;
    %jmp/1 T_24.4, 4;
    %pushi/vec4 1, 0, 32;
    %sub;
    %wait E_00000203177b78c0;
    %jmp T_24.3;
T_24.4 ;
    %pop/vec4 1;
    %load/vec4 v00000203178c0c50_0;
    %parti/s 3, 0, 2;
    %addi 1, 0, 3;
    %ix/load 4, 0, 0;
    %flag_set/imm 4, 0;
    %store/vec4 v00000203178c0c50_0, 4, 3;
    %fork t_17, S_000002031777edc0;
    %jmp t_16;
    .scope S_000002031777edc0;
t_17 ;
    %pushi/vec4 0, 0, 32;
    %store/vec4 v00000203177b1e00_0, 0, 32;
T_24.5 ;
    %load/vec4 v00000203177b1e00_0;
    %cmpi/s 4, 0, 32;
    %jmp/0xz T_24.6, 5;
    %load/vec4 v00000203178c0c50_0;
    %load/vec4 v00000203177b1e00_0;
    %pad/s 34;
    %muli 3, 0, 34;
    %part/s 3;
    %pad/u 32;
    %cmpi/u 4, 0, 32;
    %flag_inv 5; GE is !LT
    %jmp/0xz  T_24.7, 5;
    %pushi/vec4 0, 0, 3;
    %load/vec4 v00000203177b1e00_0;
    %pad/s 34;
    %muli 3, 0, 34;
    %ix/vec4/s 4;
    %store/vec4 v00000203178c0c50_0, 4, 3;
    %load/vec4 v00000203178c0c50_0;
    %load/vec4 v00000203177b1e00_0;
    %addi 1, 0, 32;
    %pad/s 34;
    %muli 3, 0, 34;
    %part/s 3;
    %addi 1, 0, 3;
    %load/vec4 v00000203177b1e00_0;
    %addi 1, 0, 32;
    %pad/s 34;
    %muli 3, 0, 34;
    %ix/vec4/s 4;
    %store/vec4 v00000203178c0c50_0, 4, 3;
T_24.7 ;
    %load/vec4 v00000203177b1e00_0;
    %addi 1, 0, 32;
    %cast2;
    %store/vec4 v00000203177b1e00_0, 0, 32;
    %jmp T_24.5;
T_24.6 ;
    %end;
    .scope S_000002031777ec30;
t_16 %join;
    %load/vec4 v00000203178c0c50_0;
    %parti/s 3, 12, 5;
    %cmpi/u 0, 0, 3;
    %flag_or 5, 4; GT is !LE
    %flag_inv 5;
    %jmp/0xz  T_24.9, 5;
    %event E_00000203177b76c0;
T_24.9 ;
    %jmp T_24.2;
    %end;
    .thread T_24;
    .scope S_000002031777ec30;
T_25 ;
    %vpi_call/w 4 151 "$dumpvars" {0 0 0};
    %pushi/vec4 0, 0, 1;
    %assign/vec4 v00000203178c0e30_0, 0;
    %fork TD_testbench.tb_1.reset, S_000002031780e430;
    %join;
    %pushi/vec4 1, 0, 1;
    %assign/vec4 v00000203178c0e30_0, 0;
    %wait E_00000203177b76c0;
    %pushi/vec4 0, 0, 1;
    %assign/vec4 v00000203178c0e30_0, 0;
    %pushi/vec4 5, 0, 32;
T_25.0 %dup/vec4;
    %pushi/vec4 0, 0, 32;
    %cmp/s;
    %jmp/1xz T_25.1, 5;
    %jmp/1 T_25.1, 4;
    %pushi/vec4 1, 0, 32;
    %sub;
    %wait E_00000203177b78c0;
    %jmp T_25.0;
T_25.1 ;
    %pop/vec4 1;
    %event E_00000203177b7840;
    %wait E_00000203177b78c0;
    %vpi_call/w 4 170 "$finish" {0 0 0};
    %end;
    .thread T_25;
    .scope S_000002031777ec30;
T_26 ;
T_26.0 ;
    %wait E_00000203177b78c0;
    %load/vec4 v00000203178c0e30_0;
    %flag_set/vec4 8;
    %jmp/0xz  T_26.1, 8;
    %ix/load 4, 0, 0;
    %load/vec4 v00000203178c1f10_0;
    %store/qb/v v00000203178c1510_0, 4, 16;
T_26.1 ;
    %jmp T_26.0;
    %end;
    .thread T_26;
    .scope S_000002031777ec30;
T_27 ;
T_27.0 ;
    %wait E_00000203177b78c0;
    %load/vec4 v00000203178c0750_0;
    %flag_set/vec4 8;
    %jmp/0xz  T_27.1, 8;
    %ix/load 4, 0, 0;
    %load/vec4 v00000203178c0070_0;
    %store/qb/v v00000203178c1970_0, 4, 16;
T_27.1 ;
    %jmp T_27.0;
    %end;
    .thread T_27;
    .scope S_000002031777ec30;
T_28 ;
    %wait E_00000203177b7840;
    %pushi/vec4 0, 0, 1;
    %store/vec4 v00000203178c07f0_0, 0, 1;
    %vpi_func 4 213 "$size" 32, v00000203178c1510_0 {0 0 0};
    %vpi_call/w 4 213 "$info", "Qeueue size: %d", S<0,vec4,s32> {1 0 0};
    %fork t_19, S_0000020317766840;
    %jmp t_18;
    .scope S_0000020317766840;
t_19 ;
    %pushi/vec4 0, 0, 32;
    %store/vec4 v00000203177b0be0_0, 0, 32;
T_28.0 ;
    %load/vec4 v00000203177b0be0_0;
    %vpi_func 4 215 "$size" 32, v00000203178c1510_0 {0 0 0};
    %cmp/s;
    %jmp/0xz T_28.1, 5;
    %qpop/f/v v00000203178c1510_0, 16;
    %store/vec4 v00000203178c0890_0, 0, 16;
    %qpop/f/v v00000203178c1970_0, 16;
    %store/vec4 v00000203178c1a10_0, 0, 16;
    %load/vec4 v00000203178c0890_0;
    %load/vec4 v00000203178c1a10_0;
    %cmp/ne;
    %jmp/0xz  T_28.2, 6;
    %vpi_call/w 4 220 "$warning", "Test failed. Expected output %d, but get %d", v00000203178c0890_0, v00000203178c1a10_0 {0 0 0};
    %pushi/vec4 1, 0, 1;
    %store/vec4 v00000203178c07f0_0, 0, 1;
T_28.2 ;
    %load/vec4 v00000203177b0be0_0;
    %addi 1, 0, 32;
    %cast2;
    %store/vec4 v00000203177b0be0_0, 0, 32;
    %jmp T_28.0;
T_28.1 ;
    %end;
    .scope S_000002031777ec30;
t_18 %join;
    %load/vec4 v00000203178c07f0_0;
    %flag_set/vec4 8;
    %jmp/0xz  T_28.4, 8;
    %vpi_call/w 4 226 "$display", "FAIL %s - see above", "04_13_put_in_order/testbench_1.sv" {0 0 0};
    %jmp T_28.5;
T_28.4 ;
    %vpi_call/w 4 228 "$display", "PASS %s", "04_13_put_in_order/testbench_1.sv" {0 0 0};
T_28.5 ;
    %end;
    .thread T_28;
    .scope S_000002031780df80;
T_29 ;
    %wait E_00000203177811b0;
    %load/vec4 v00000203178c3840_0;
    %flag_set/vec4 8;
    %jmp/0xz  T_29.0, 8;
    %pushi/vec4 0, 0, 10;
    %assign/vec4 v00000203178c2b20_0, 0;
    %jmp T_29.1;
T_29.0 ;
    %fork t_21, S_000002031780d7b0;
    %jmp t_20;
    .scope S_000002031780d7b0;
t_21 ;
    %pushi/vec4 0, 0, 32;
    %store/vec4 v00000203178c1010_0, 0, 32;
T_29.2 ;
    %load/vec4 v00000203178c1010_0;
    %cmpi/s 10, 0, 32;
    %jmp/0xz T_29.3, 5;
    %load/vec4 v00000203178c2bc0_0;
    %pad/u 32;
    %load/vec4 v00000203178c1010_0;
    %addi 1, 0, 32;
    %cmp/e;
    %flag_get/vec4 4;
    %load/vec4 v00000203178c3980_0;
    %load/vec4 v00000203178c1010_0;
    %part/s 1;
    %nor/r;
    %and;
    %flag_set/vec4 8;
    %jmp/0xz  T_29.4, 8;
    %pushi/vec4 0, 0, 1;
    %ix/load 5, 0, 0;
    %ix/getv/s 4, v00000203178c1010_0;
    %assign/vec4/off/d v00000203178c2b20_0, 4, 5;
    %jmp T_29.5;
T_29.4 ;
    %load/vec4 v00000203178c3980_0;
    %load/vec4 v00000203178c1010_0;
    %part/s 1;
    %flag_set/vec4 8;
    %jmp/0xz  T_29.6, 8;
    %pushi/vec4 1, 0, 1;
    %ix/load 5, 0, 0;
    %ix/getv/s 4, v00000203178c1010_0;
    %assign/vec4/off/d v00000203178c2b20_0, 4, 5;
T_29.6 ;
T_29.5 ;
    ; show_stmt_assign_vector: Get l-value for compressed += operand
    %load/vec4 v00000203178c1010_0;
    %pushi/vec4 1, 0, 32;
    %add;
    %cast2;
    %store/vec4 v00000203178c1010_0, 0, 32;
    %jmp T_29.2;
T_29.3 ;
    %end;
    .scope S_000002031780df80;
t_20 %join;
T_29.1 ;
    %jmp T_29;
    .thread T_29;
    .scope S_000002031780df80;
T_30 ;
    %wait E_00000203177811b0;
    %fork t_23, S_000002031780dc60;
    %jmp t_22;
    .scope S_000002031780dc60;
t_23 ;
    %pushi/vec4 0, 0, 32;
    %store/vec4 v00000203178c13d0_0, 0, 32;
T_30.0 ;
    %load/vec4 v00000203178c13d0_0;
    %cmpi/s 10, 0, 32;
    %jmp/0xz T_30.1, 5;
    %load/vec4 v00000203178c3980_0;
    %load/vec4 v00000203178c13d0_0;
    %part/s 1;
    %flag_set/vec4 8;
    %jmp/0xz  T_30.2, 8;
    %load/vec4 v00000203178c3f20_0;
    %load/vec4 v00000203178c13d0_0;
    %pad/s 35;
    %muli 8, 0, 35;
    %part/s 8;
    %ix/load 5, 0, 0;
    %load/vec4 v00000203178c13d0_0;
    %pad/s 35;
    %muli 8, 0, 35;
    %ix/vec4/s 4;
    %assign/vec4/off/d v00000203178c3160_0, 4, 5;
T_30.2 ;
    ; show_stmt_assign_vector: Get l-value for compressed += operand
    %load/vec4 v00000203178c13d0_0;
    %pushi/vec4 1, 0, 32;
    %add;
    %cast2;
    %store/vec4 v00000203178c13d0_0, 0, 32;
    %jmp T_30.0;
T_30.1 ;
    %end;
    .scope S_000002031780df80;
t_22 %join;
    %jmp T_30;
    .thread T_30;
    .scope S_000002031780df80;
T_31 ;
    %wait E_00000203177811b0;
    %load/vec4 v00000203178c3840_0;
    %flag_set/vec4 8;
    %jmp/0xz  T_31.0, 8;
    %pushi/vec4 0, 0, 5;
    %assign/vec4 v00000203178c2580_0, 0;
    %jmp T_31.1;
T_31.0 ;
    %load/vec4 v00000203178c2bc0_0;
    %pad/u 32;
    %cmpi/e 10, 0, 32;
    %jmp/0xz  T_31.2, 4;
    %pushi/vec4 0, 0, 5;
    %assign/vec4 v00000203178c2580_0, 0;
    %jmp T_31.3;
T_31.2 ;
    %load/vec4 v00000203178c2bc0_0;
    %assign/vec4 v00000203178c2580_0, 0;
T_31.3 ;
T_31.1 ;
    %jmp T_31;
    .thread T_31;
    .scope S_000002031780df80;
T_32 ;
Ewait_2 .event/or E_0000020317781030, E_0x0;
    %wait Ewait_2;
    %load/vec4 v00000203178c2580_0;
    %store/vec4 v00000203178c2bc0_0, 0, 5;
    %fork t_25, S_000002031780dad0;
    %jmp t_24;
    .scope S_000002031780dad0;
t_25 ;
    %pushi/vec4 0, 0, 32;
    %store/vec4 v00000203178c11f0_0, 0, 32;
T_32.0 ;
    %load/vec4 v00000203178c11f0_0;
    %cmpi/s 10, 0, 32;
    %jmp/0xz T_32.1, 5;
    %load/vec4 v00000203178c2580_0;
    %pad/u 32;
    %load/vec4 v00000203178c11f0_0;
    %cmp/e;
    %flag_get/vec4 4;
    %load/vec4 v00000203178c2b20_0;
    %load/vec4 v00000203178c11f0_0;
    %part/s 1;
    %and;
    %flag_set/vec4 8;
    %jmp/0xz  T_32.2, 8;
    %load/vec4 v00000203178c2580_0;
    %addi 1, 0, 5;
    %store/vec4 v00000203178c2bc0_0, 0, 5;
T_32.2 ;
    ; show_stmt_assign_vector: Get l-value for compressed += operand
    %load/vec4 v00000203178c11f0_0;
    %pushi/vec4 1, 0, 32;
    %add;
    %cast2;
    %store/vec4 v00000203178c11f0_0, 0, 32;
    %jmp T_32.0;
T_32.1 ;
    %end;
    .scope S_000002031780df80;
t_24 %join;
    %jmp T_32;
    .thread T_32, $push;
    .scope S_000002031780e110;
T_33 ;
    %pushi/vec4 0, 0, 1;
    %store/vec4 v00000203178c3020_0, 0, 1;
    %pushi/vec4 0, 0, 32;
    %store/vec4 v00000203178c2da0_0, 0, 32;
    %pushi/vec4 0, 0, 32;
    %store/vec4 v00000203178c2e40_0, 0, 32;
    %end;
    .thread T_33, $init;
    .scope S_000002031780e110;
T_34 ;
    %pushi/vec4 0, 0, 1;
    %store/vec4 v00000203178c2d00_0, 0, 1;
T_34.0 ;
    %delay 500, 0;
    %load/vec4 v00000203178c2d00_0;
    %inv;
    %store/vec4 v00000203178c2d00_0, 0, 1;
    %jmp T_34.0;
    %end;
    .thread T_34;
    .scope S_000002031780e110;
T_35 ;
    %pushi/vec4 1, 1, 1;
    %assign/vec4 v00000203178c3700_0, 0;
    %pushi/vec4 2, 0, 32;
T_35.0 %dup/vec4;
    %pushi/vec4 0, 0, 32;
    %cmp/s;
    %jmp/1xz T_35.1, 5;
    %jmp/1 T_35.1, 4;
    %pushi/vec4 1, 0, 32;
    %sub;
    %wait E_00000203177811b0;
    %jmp T_35.0;
T_35.1 ;
    %pop/vec4 1;
    %pushi/vec4 1, 0, 1;
    %assign/vec4 v00000203178c3700_0, 0;
    %pushi/vec4 2, 0, 32;
T_35.2 %dup/vec4;
    %pushi/vec4 0, 0, 32;
    %cmp/s;
    %jmp/1xz T_35.3, 5;
    %jmp/1 T_35.3, 4;
    %pushi/vec4 1, 0, 32;
    %sub;
    %wait E_00000203177811b0;
    %jmp T_35.2;
T_35.3 ;
    %pop/vec4 1;
    %pushi/vec4 0, 0, 1;
    %assign/vec4 v00000203178c3700_0, 0;
    %end;
    .thread T_35;
    .scope S_000002031780e110;
T_36 ;
    %wait E_00000203177811b0;
    %load/vec4 v00000203178c3700_0;
    %flag_set/vec4 8;
    %jmp/0xz  T_36.0, 8;
    %pushi/vec4 1, 0, 1;
    %assign/vec4 v00000203178c3020_0, 0;
T_36.0 ;
    %jmp T_36;
    .thread T_36;
    .scope S_000002031780e110;
T_37 ;
    %wait E_00000203177811b0;
    %load/vec4 v00000203178c3020_0;
    %flag_set/vec4 8;
    %jmp/0xz  T_37.0, 8;
    %vpi_call/w 7 186 "$write", "%3d  pending  ", v00000203178c2e40_0 {0 0 0};
    %fork t_27, S_000002031780e2a0;
    %jmp t_26;
    .scope S_000002031780e2a0;
t_27 ;
    %pushi/vec4 0, 0, 32;
    %store/vec4 v00000203178c0f70_0, 0, 32;
T_37.2 ;
    %load/vec4 v00000203178c0f70_0;
    %cmpi/s 10, 0, 32;
    %jmp/0xz T_37.3, 5;
    %load/vec4 v00000203178c3660_0;
    %load/vec4 v00000203178c0f70_0;
    %part/s 1;
    %flag_set/vec4 8;
    %jmp/0xz  T_37.4, 8;
    %load/vec4 v00000203178c2620_0;
    %load/vec4 v00000203178c0f70_0;
    %pad/s 35;
    %muli 8, 0, 35;
    %part/s 8;
    %vpi_call/w 7 190 "$write", " %h", S<0,vec4,u8> {1 0 0};
    %jmp T_37.5;
T_37.4 ;
    %vpi_call/w 7 192 "$write", "   " {0 0 0};
T_37.5 ;
    ; show_stmt_assign_vector: Get l-value for compressed += operand
    %load/vec4 v00000203178c0f70_0;
    %pushi/vec4 1, 0, 32;
    %add;
    %cast2;
    %store/vec4 v00000203178c0f70_0, 0, 32;
    %jmp T_37.2;
T_37.3 ;
    %end;
    .scope S_000002031780e110;
t_26 %join;
    %vpi_call/w 7 194 "$display" {0 0 0};
    %vpi_call/w 7 196 "$write", "%3d  up       ", v00000203178c2e40_0 {0 0 0};
    %fork t_29, S_000002031780ddf0;
    %jmp t_28;
    .scope S_000002031780ddf0;
t_29 ;
    %pushi/vec4 0, 0, 32;
    %store/vec4 v00000203178c15b0_0, 0, 32;
T_37.6 ;
    %load/vec4 v00000203178c15b0_0;
    %cmpi/s 10, 0, 32;
    %jmp/0xz T_37.7, 5;
    %load/vec4 v00000203178c2f80_0;
    %load/vec4 v00000203178c15b0_0;
    %part/s 1;
    %flag_set/vec4 8;
    %jmp/0xz  T_37.8, 8;
    %load/vec4 v00000203178c3480_0;
    %load/vec4 v00000203178c15b0_0;
    %pad/s 35;
    %muli 8, 0, 35;
    %part/s 8;
    %vpi_call/w 7 200 "$write", " %h", S<0,vec4,u8> {1 0 0};
    %jmp T_37.9;
T_37.8 ;
    %vpi_call/w 7 202 "$write", "   " {0 0 0};
T_37.9 ;
    ; show_stmt_assign_vector: Get l-value for compressed += operand
    %load/vec4 v00000203178c15b0_0;
    %pushi/vec4 1, 0, 32;
    %add;
    %cast2;
    %store/vec4 v00000203178c15b0_0, 0, 32;
    %jmp T_37.6;
T_37.7 ;
    %end;
    .scope S_000002031780e110;
t_28 %join;
    %vpi_call/w 7 204 "$display" {0 0 0};
    %vpi_call/w 7 206 "$write", "%3d  down     ", v00000203178c2e40_0 {0 0 0};
    %load/vec4 v00000203178c2080_0;
    %flag_set/vec4 8;
    %jmp/0xz  T_37.10, 8;
    %vpi_call/w 7 209 "$write", " %h", v00000203178c2ee0_0 {0 0 0};
T_37.10 ;
    %vpi_call/w 7 211 "$display", "\012" {0 0 0};
T_37.0 ;
    ; show_stmt_assign_vector: Get l-value for compressed += operand
    %load/vec4 v00000203178c2e40_0;
    %pushi/vec4 1, 0, 32;
    %add;
    %cast2;
    %store/vec4 v00000203178c2e40_0, 0, 32;
    %jmp T_37;
    .thread T_37;
    .scope S_00000203177c4150;
T_38 ;
    %pushi/vec4 0, 0, 1;
    %force/vec4 v00000203178c0250_0;
    %fork TD_testbench.tb_2.run, S_00000203178c5b20;
    %join;
    %release/reg v00000203178c0250_0, 0, 1;
    %end;
    .thread T_38;
# The file index is used to find the file name in the following table.
:file_names 8;
    "N/A";
    "<interactive>";
    "-";
    "04_13_put_in_order/testbench.sv";
    "04_13_put_in_order/testbench_1.sv";
    "04_13_put_in_order/04_13_put_in_order.sv";
    "04_13_put_in_order/delay_data_model.sv";
    "04_13_put_in_order/testbench_2.sv";
